<?xml version="1.0" encoding="UTF-8"?>
<testng-results ignored="0" total="3" passed="3" failed="0" skipped="0">
  <reporter-output>
  </reporter-output>
  <suite started-at="2025-01-16T12:14:28 IST" name="Suite" finished-at="2025-01-16T12:15:46 IST" duration-ms="77854">
    <groups>
    </groups>
    <test started-at="2025-01-16T12:14:28 IST" name="Test" finished-at="2025-01-16T12:15:46 IST" duration-ms="77854">
      <class name="week5.day1.VerifyLegalEntityName">
        <test-method is-config="true" signature="preCondition(java.lang.String,java.lang.String,java.lang.String)[pri:0, instance:week5.day1.VerifyLegalEntityName@10aa41f2]" started-at="2025-01-16T12:14:28 IST" name="preCondition" finished-at="2025-01-16T12:14:36 IST" duration-ms="7599" status="PASS">
          <params>
            <param index="0">
              <value>
                <![CDATA[dilip@testleaf.com]]>
              </value>
            </param>
            <param index="1">
              <value>
                <![CDATA[Test@2025]]>
              </value>
            </param>
            <param index="2">
              <value>
                <![CDATA[https://login.salesforce.com]]>
              </value>
            </param>
          </params>
          <reporter-output>
          </reporter-output>
        </test-method> <!-- preCondition -->
        <test-method signature="EntityName(java.lang.String)[pri:0, instance:week5.day1.VerifyLegalEntityName@10aa41f2]" started-at="2025-01-16T12:14:36 IST" name="EntityName" data-provider="xdata" finished-at="2025-01-16T12:14:56 IST" duration-ms="20679" status="PASS">
          <params>
            <param index="0">
              <value>
                <![CDATA[Salesforce Automation by Sow]]>
              </value>
            </param>
          </params>
          <reporter-output>
          </reporter-output>
        </test-method> <!-- EntityName -->
        <test-method is-config="true" signature="postCondition()[pri:0, instance:week5.day1.VerifyLegalEntityName@10aa41f2]" started-at="2025-01-16T12:14:56 IST" name="postCondition" finished-at="2025-01-16T12:14:56 IST" duration-ms="115" status="PASS">
          <reporter-output>
          </reporter-output>
        </test-method> <!-- postCondition -->
        <test-method is-config="true" signature="preCondition(java.lang.String,java.lang.String,java.lang.String)[pri:0, instance:week5.day1.VerifyLegalEntityName@10aa41f2]" started-at="2025-01-16T12:14:56 IST" name="preCondition" finished-at="2025-01-16T12:15:03 IST" duration-ms="6389" status="PASS">
          <params>
            <param index="0">
              <value>
                <![CDATA[dilip@testleaf.com]]>
              </value>
            </param>
            <param index="1">
              <value>
                <![CDATA[Test@2025]]>
              </value>
            </param>
            <param index="2">
              <value>
                <![CDATA[https://login.salesforce.com]]>
              </value>
            </param>
          </params>
          <reporter-output>
          </reporter-output>
        </test-method> <!-- preCondition -->
        <test-method signature="EntityName(java.lang.String)[pri:0, instance:week5.day1.VerifyLegalEntityName@10aa41f2]" started-at="2025-01-16T12:15:03 IST" name="EntityName" data-provider="xdata" finished-at="2025-01-16T12:15:24 IST" duration-ms="21070" status="PASS">
          <params>
            <param index="0">
              <value>
                <![CDATA[Salesforce Automation by Sat]]>
              </value>
            </param>
          </params>
          <reporter-output>
          </reporter-output>
        </test-method> <!-- EntityName -->
        <test-method is-config="true" signature="postCondition()[pri:0, instance:week5.day1.VerifyLegalEntityName@10aa41f2]" started-at="2025-01-16T12:15:24 IST" name="postCondition" finished-at="2025-01-16T12:15:24 IST" duration-ms="103" status="PASS">
          <reporter-output>
          </reporter-output>
        </test-method> <!-- postCondition -->
        <test-method is-config="true" signature="preCondition(java.lang.String,java.lang.String,java.lang.String)[pri:0, instance:week5.day1.VerifyLegalEntityName@10aa41f2]" started-at="2025-01-16T12:15:24 IST" name="preCondition" finished-at="2025-01-16T12:15:29 IST" duration-ms="4921" status="PASS">
          <params>
            <param index="0">
              <value>
                <![CDATA[dilip@testleaf.com]]>
              </value>
            </param>
            <param index="1">
              <value>
                <![CDATA[Test@2025]]>
              </value>
            </param>
            <param index="2">
              <value>
                <![CDATA[https://login.salesforce.com]]>
              </value>
            </param>
          </params>
          <reporter-output>
          </reporter-output>
        </test-method> <!-- preCondition -->
        <test-method signature="EntityName(java.lang.String)[pri:0, instance:week5.day1.VerifyLegalEntityName@10aa41f2]" started-at="2025-01-16T12:15:29 IST" name="EntityName" data-provider="xdata" finished-at="2025-01-16T12:15:46 IST" duration-ms="16830" status="PASS">
          <params>
            <param index="0">
              <value>
                <![CDATA[Salesforce Automation by Man]]>
              </value>
            </param>
          </params>
          <reporter-output>
          </reporter-output>
        </test-method> <!-- EntityName -->
        <test-method is-config="true" signature="postCondition()[pri:0, instance:week5.day1.VerifyLegalEntityName@10aa41f2]" started-at="2025-01-16T12:15:46 IST" name="postCondition" finished-at="2025-01-16T12:15:46 IST" duration-ms="104" status="PASS">
          <reporter-output>
          </reporter-output>
        </test-method> <!-- postCondition -->
      </class> <!-- week5.day1.VerifyLegalEntityName -->
    </test> <!-- Test -->
  </suite> <!-- Suite -->
</testng-results>
