<?xml version="1.0" encoding="UTF-8"?>
<!-- Generated by org.testng.reporters.JUnitXMLReporter -->
<testsuite ignored="0" hostname="DESKTOP-CVL2K4K" failures="0" tests="3" name="Test" time="77.854" errors="0" timestamp="2025-01-16T12:15:46 IST">
  <testcase classname="week5.day1.VerifyLegalEntityName" name="EntityName" time="20.679"/>
  <testcase classname="week5.day1.VerifyLegalEntityName" name="EntityName" time="21.07"/>
  <testcase classname="week5.day1.VerifyLegalEntityName" name="EntityName" time="16.83"/>
</testsuite> <!-- Test -->
